  glad.c
  Main.cpp
C:\Users\mathe\source\repos\OpenGL_Engine\OpenGL_Engine\Main.cpp(37,31): warning C4267: '=': conversão de 'size_t' para 'int', possível perda de dados
  Camera.cpp
  Input.cpp
C:\Users\mathe\source\repos\OpenGL_Engine\OpenGL_Engine\src\Input\Input.cpp(39,42): warning C4244: '=': conversão de 'double' para 'GLfloat', possível perda de dados
C:\Users\mathe\source\repos\OpenGL_Engine\OpenGL_Engine\src\Input\Input.cpp(40,42): warning C4244: '=': conversão de 'double' para 'GLfloat', possível perda de dados
C:\Users\mathe\source\repos\OpenGL_Engine\OpenGL_Engine\src\Input\Input.cpp(44,45): warning C4244: '=': conversão de 'double' para 'GLfloat', possível perda de dados
C:\Users\mathe\source\repos\OpenGL_Engine\OpenGL_Engine\src\Input\Input.cpp(45,67): warning C4244: '=': conversão de 'double' para 'GLfloat', possível perda de dados
C:\Users\mathe\source\repos\OpenGL_Engine\OpenGL_Engine\src\Input\Input.cpp(47,38): warning C4244: '=': conversão de 'double' para 'GLfloat', possível perda de dados
C:\Users\mathe\source\repos\OpenGL_Engine\OpenGL_Engine\src\Input\Input.cpp(48,38): warning C4244: '=': conversão de 'double' para 'GLfloat', possível perda de dados
  Mesh.cpp
  Cube.cpp
  MarchingCubes.cpp
C:\Users\mathe\source\repos\OpenGL_Engine\OpenGL_Engine\src\Objects\Eng3D\MarchingCubes.cpp(380,95): warning C4244: 'argumento': conversão de 'double' para 'GLfloat', possível perda de dados
C:\Users\mathe\source\repos\OpenGL_Engine\OpenGL_Engine\src\Objects\Eng3D\MarchingCubes.cpp(380,82): warning C4244: 'argumento': conversão de 'double' para 'GLfloat', possível perda de dados
C:\Users\mathe\source\repos\OpenGL_Engine\OpenGL_Engine\src\Objects\Eng3D\MarchingCubes.cpp(382,95): warning C4244: 'argumento': conversão de 'double' para 'GLfloat', possível perda de dados
C:\Users\mathe\source\repos\OpenGL_Engine\OpenGL_Engine\src\Objects\Eng3D\MarchingCubes.cpp(382,82): warning C4244: 'argumento': conversão de 'double' para 'GLfloat', possível perda de dados
C:\Users\mathe\source\repos\OpenGL_Engine\OpenGL_Engine\src\Objects\Eng3D\MarchingCubes.cpp(384,95): warning C4244: 'argumento': conversão de 'double' para 'GLfloat', possível perda de dados
C:\Users\mathe\source\repos\OpenGL_Engine\OpenGL_Engine\src\Objects\Eng3D\MarchingCubes.cpp(384,82): warning C4244: 'argumento': conversão de 'double' para 'GLfloat', possível perda de dados
C:\Users\mathe\source\repos\OpenGL_Engine\OpenGL_Engine\src\Objects\Eng3D\MarchingCubes.cpp(386,95): warning C4244: 'argumento': conversão de 'double' para 'GLfloat', possível perda de dados
C:\Users\mathe\source\repos\OpenGL_Engine\OpenGL_Engine\src\Objects\Eng3D\MarchingCubes.cpp(386,82): warning C4244: 'argumento': conversão de 'double' para 'GLfloat', possível perda de dados
C:\Users\mathe\source\repos\OpenGL_Engine\OpenGL_Engine\src\Objects\Eng3D\MarchingCubes.cpp(388,95): warning C4244: 'argumento': conversão de 'double' para 'GLfloat', possível perda de dados
C:\Users\mathe\source\repos\OpenGL_Engine\OpenGL_Engine\src\Objects\Eng3D\MarchingCubes.cpp(388,82): warning C4244: 'argumento': conversão de 'double' para 'GLfloat', possível perda de dados
C:\Users\mathe\source\repos\OpenGL_Engine\OpenGL_Engine\src\Objects\Eng3D\MarchingCubes.cpp(390,95): warning C4244: 'argumento': conversão de 'double' para 'GLfloat', possível perda de dados
C:\Users\mathe\source\repos\OpenGL_Engine\OpenGL_Engine\src\Objects\Eng3D\MarchingCubes.cpp(390,82): warning C4244: 'argumento': conversão de 'double' para 'GLfloat', possível perda de dados
C:\Users\mathe\source\repos\OpenGL_Engine\OpenGL_Engine\src\Objects\Eng3D\MarchingCubes.cpp(392,95): warning C4244: 'argumento': conversão de 'double' para 'GLfloat', possível perda de dados
C:\Users\mathe\source\repos\OpenGL_Engine\OpenGL_Engine\src\Objects\Eng3D\MarchingCubes.cpp(392,82): warning C4244: 'argumento': conversão de 'double' para 'GLfloat', possível perda de dados
C:\Users\mathe\source\repos\OpenGL_Engine\OpenGL_Engine\src\Objects\Eng3D\MarchingCubes.cpp(394,95): warning C4244: 'argumento': conversão de 'double' para 'GLfloat', possível perda de dados
C:\Users\mathe\source\repos\OpenGL_Engine\OpenGL_Engine\src\Objects\Eng3D\MarchingCubes.cpp(394,82): warning C4244: 'argumento': conversão de 'double' para 'GLfloat', possível perda de dados
C:\Users\mathe\source\repos\OpenGL_Engine\OpenGL_Engine\src\Objects\Eng3D\MarchingCubes.cpp(396,95): warning C4244: 'argumento': conversão de 'double' para 'GLfloat', possível perda de dados
C:\Users\mathe\source\repos\OpenGL_Engine\OpenGL_Engine\src\Objects\Eng3D\MarchingCubes.cpp(396,82): warning C4244: 'argumento': conversão de 'double' para 'GLfloat', possível perda de dados
C:\Users\mathe\source\repos\OpenGL_Engine\OpenGL_Engine\src\Objects\Eng3D\MarchingCubes.cpp(398,95): warning C4244: 'argumento': conversão de 'double' para 'GLfloat', possível perda de dados
C:\Users\mathe\source\repos\OpenGL_Engine\OpenGL_Engine\src\Objects\Eng3D\MarchingCubes.cpp(398,82): warning C4244: 'argumento': conversão de 'double' para 'GLfloat', possível perda de dados
C:\Users\mathe\source\repos\OpenGL_Engine\OpenGL_Engine\src\Objects\Eng3D\MarchingCubes.cpp(400,96): warning C4244: 'argumento': conversão de 'double' para 'GLfloat', possível perda de dados
C:\Users\mathe\source\repos\OpenGL_Engine\OpenGL_Engine\src\Objects\Eng3D\MarchingCubes.cpp(400,83): warning C4244: 'argumento': conversão de 'double' para 'GLfloat', possível perda de dados
C:\Users\mathe\source\repos\OpenGL_Engine\OpenGL_Engine\src\Objects\Eng3D\MarchingCubes.cpp(402,96): warning C4244: 'argumento': conversão de 'double' para 'GLfloat', possível perda de dados
C:\Users\mathe\source\repos\OpenGL_Engine\OpenGL_Engine\src\Objects\Eng3D\MarchingCubes.cpp(402,83): warning C4244: 'argumento': conversão de 'double' para 'GLfloat', possível perda de dados
  Shader.cpp
  Text.cpp
  Thread.cpp
  Window.cpp
  Gerando Código...
  LINK : C:\Users\mathe\source\repos\OpenGL_Engine\x64\Debug\OpenGL_Engine.exe não encontrado ou não compilado pelo o último link incremental; executando link completo
LINK : warning LNK4098: defaultlib 'MSVCRT' conflita com uso de outras bibliotecas; use /NODEFAULTLIB:library
  OpenGL_Engine.vcxproj -> C:\Users\mathe\source\repos\OpenGL_Engine\x64\Debug\OpenGL_Engine.exe
